build/outputs/logs/manifest-merger-arm7-debug-report.txt
-- Merging decision tree log ---
manifest
ADDED from myApps/ofxFluxlyAndroid2/AndroidManifest.xml:2:1-30:12
	package
		ADDED from myApps/ofxFluxlyAndroid2/AndroidManifest.xml:3:5-49
	android:versionName
		INJECTED from myApps/ofxFluxlyAndroid2/AndroidManifest.xml
		INJECTED from myApps/ofxFluxlyAndroid2/AndroidManifest.xml
	xmlns:android
		ADDED from myApps/ofxFluxlyAndroid2/AndroidManifest.xml:2:11-69
	android:versionCode
		INJECTED from myApps/ofxFluxlyAndroid2/AndroidManifest.xml
		INJECTED from myApps/ofxFluxlyAndroid2/AndroidManifest.xml
	android:installLocation
		ADDED from myApps/ofxFluxlyAndroid2/AndroidManifest.xml:4:5-45
uses-permission#android.permission.RECORD_AUDIO
ADDED from myApps/ofxFluxlyAndroid2/AndroidManifest.xml:10:5-70
	android:name
		ADDED from myApps/ofxFluxlyAndroid2/AndroidManifest.xml:10:22-68
application
ADDED from myApps/ofxFluxlyAndroid2/AndroidManifest.xml:12:5-28:19
	android:label
		ADDED from myApps/ofxFluxlyAndroid2/AndroidManifest.xml:15:9-41
	android:allowBackup
		ADDED from myApps/ofxFluxlyAndroid2/AndroidManifest.xml:13:9-35
	android:icon
		ADDED from myApps/ofxFluxlyAndroid2/AndroidManifest.xml:14:9-45
	android:theme
		ADDED from myApps/ofxFluxlyAndroid2/AndroidManifest.xml:16:9-40
activity#cc.openframeworks.ofxFluxlyAndroid.OFActivity
ADDED from myApps/ofxFluxlyAndroid2/AndroidManifest.xml:20:9-27:20
	android:label
		ADDED from myApps/ofxFluxlyAndroid2/AndroidManifest.xml:22:13-45
	android:configChanges
		ADDED from myApps/ofxFluxlyAndroid2/AndroidManifest.xml:22:47-93
	android:name
		ADDED from myApps/ofxFluxlyAndroid2/AndroidManifest.xml:21:13-73
intent-filter#android.intent.action.MAIN+android.intent.category.LAUNCHER
ADDED from myApps/ofxFluxlyAndroid2/AndroidManifest.xml:23:13-26:29
action#android.intent.action.MAIN
ADDED from myApps/ofxFluxlyAndroid2/AndroidManifest.xml:24:17-69
	android:name
		ADDED from myApps/ofxFluxlyAndroid2/AndroidManifest.xml:24:25-66
category#android.intent.category.LAUNCHER
ADDED from myApps/ofxFluxlyAndroid2/AndroidManifest.xml:25:17-77
	android:name
		ADDED from myApps/ofxFluxlyAndroid2/AndroidManifest.xml:25:27-74
uses-sdk
INJECTED from myApps/ofxFluxlyAndroid2/AndroidManifest.xml reason: use-sdk injection requested
MERGED from [ofxFluxlyAndroid2:ofAndroidLib:unspecified] AndroidManifest.xml:7:5-9:41
	android:targetSdkVersion
		INJECTED from myApps/ofxFluxlyAndroid2/AndroidManifest.xml
		INJECTED from myApps/ofxFluxlyAndroid2/AndroidManifest.xml
	android:minSdkVersion
		INJECTED from myApps/ofxFluxlyAndroid2/AndroidManifest.xml
		INJECTED from myApps/ofxFluxlyAndroid2/AndroidManifest.xml
uses-permission#android.permission.WRITE_EXTERNAL_STORAGE
ADDED from [ofxFluxlyAndroid2:ofAndroidLib:unspecified] AndroidManifest.xml:11:5-81
	android:name
		ADDED from [ofxFluxlyAndroid2:ofAndroidLib:unspecified] AndroidManifest.xml:11:22-78